<?xml version="1.0" encoding="UTF-8"?>
<testng-results ignored="0" total="2" passed="1" failed="1" skipped="0">
  <reporter-output>
  </reporter-output>
  <suite started-at="2018-09-07T15:34:58Z" name="TestNG" finished-at="2018-09-07T15:35:25Z" duration-ms="27129">
    <groups>
    </groups>
    <test started-at="2018-09-07T15:34:58Z" name="Test Order" finished-at="2018-09-07T15:35:25Z" duration-ms="27129">
      <class name="co.formfox.mcp.order.OrderTest">
        <test-method is-config="true" signature="beforeEeveyTest()[pri:0, instance:co.formfox.mcp.order.OrderTest@53ce1329]" started-at="2018-09-07T15:34:58Z" name="beforeEeveyTest" finished-at="2018-09-07T15:35:02Z" duration-ms="4109" status="PASS">
          <reporter-output>
          </reporter-output>
        </test-method> <!-- beforeEeveyTest -->
        <test-method is-config="true" signature="beforeClass()[pri:0, instance:co.formfox.mcp.order.OrderTest@53ce1329]" started-at="2018-09-07T15:35:02Z" name="beforeClass" finished-at="2018-09-07T15:35:19Z" duration-ms="16689" status="PASS">
          <reporter-output>
          </reporter-output>
        </test-method> <!-- beforeClass -->
        <test-method is-config="true" signature="beforeMethods()[pri:0, instance:co.formfox.mcp.order.OrderTest@53ce1329]" started-at="2018-09-07T15:35:19Z" name="beforeMethods" finished-at="2018-09-07T15:35:19Z" duration-ms="1" status="PASS">
          <reporter-output>
          </reporter-output>
        </test-method> <!-- beforeMethods -->
        <test-method signature="loginLogoutTest()[pri:1, instance:co.formfox.mcp.order.OrderTest@53ce1329]" started-at="2018-09-07T15:35:19Z" name="loginLogoutTest" finished-at="2018-09-07T15:35:24Z" duration-ms="5411" status="FAIL">
          <exception class="java.lang.AssertionError">
            <message>
              <![CDATA[expected [ORDER] but found [[[ChromeDriver: chrome on XP (f397451bf7e5adec21e396f4336e4608)] -> xpath: //*[@id='headerNavBar']/ul[1]/li[2]/a]]]]>
            </message>
            <full-stacktrace>
              <![CDATA[java.lang.AssertionError: expected [ORDER] but found [[[ChromeDriver: chrome on XP (f397451bf7e5adec21e396f4336e4608)] -> xpath: //*[@id='headerNavBar']/ul[1]/li[2]/a]]
at org.testng.Assert.fail(Assert.java:96)
at org.testng.Assert.failNotEquals(Assert.java:776)
at org.testng.Assert.assertEqualsImpl(Assert.java:137)
at org.testng.Assert.assertEquals(Assert.java:118)
at org.testng.Assert.assertEquals(Assert.java:442)
at co.formfox.mcp.order.OrderTest.loginLogoutTest(OrderTest.java:54)
at java.base/jdk.internal.reflect.NativeMethodAccessorImpl.invoke0(Native Method)
at java.base/jdk.internal.reflect.NativeMethodAccessorImpl.invoke(Unknown Source)
at java.base/jdk.internal.reflect.DelegatingMethodAccessorImpl.invoke(Unknown Source)
at java.base/java.lang.reflect.Method.invoke(Unknown Source)
at org.testng.internal.MethodInvocationHelper.invokeMethod(MethodInvocationHelper.java:124)
at org.testng.internal.Invoker.invokeMethod(Invoker.java:580)
at org.testng.internal.Invoker.invokeTestMethod(Invoker.java:716)
at org.testng.internal.Invoker.invokeTestMethods(Invoker.java:988)
at org.testng.internal.TestMethodWorker.invokeTestMethods(TestMethodWorker.java:125)
at org.testng.internal.TestMethodWorker.run(TestMethodWorker.java:109)
at org.testng.TestRunner.privateRun(TestRunner.java:648)
at org.testng.TestRunner.run(TestRunner.java:505)
at org.testng.SuiteRunner.runTest(SuiteRunner.java:455)
at org.testng.SuiteRunner.runSequentially(SuiteRunner.java:450)
at org.testng.SuiteRunner.privateRun(SuiteRunner.java:415)
at org.testng.SuiteRunner.run(SuiteRunner.java:364)
at org.testng.SuiteRunnerWorker.runSuite(SuiteRunnerWorker.java:52)
at org.testng.SuiteRunnerWorker.run(SuiteRunnerWorker.java:84)
at org.testng.TestNG.runSuitesSequentially(TestNG.java:1208)
at org.testng.TestNG.runSuitesLocally(TestNG.java:1137)
at org.testng.TestNG.runSuites(TestNG.java:1049)
at org.testng.TestNG.run(TestNG.java:1017)
at org.testng.remote.AbstractRemoteTestNG.run(AbstractRemoteTestNG.java:114)
at org.testng.remote.RemoteTestNG.initAndRun(RemoteTestNG.java:251)
at org.testng.remote.RemoteTestNG.main(RemoteTestNG.java:77)
]]>
            </full-stacktrace>
          </exception> <!-- java.lang.AssertionError -->
          <reporter-output>
          </reporter-output>
        </test-method> <!-- loginLogoutTest -->
        <test-method is-config="true" signature="afterMethod()[pri:0, instance:co.formfox.mcp.order.OrderTest@53ce1329]" started-at="2018-09-07T15:35:24Z" name="afterMethod" finished-at="2018-09-07T15:35:24Z" duration-ms="0" status="PASS">
          <reporter-output>
          </reporter-output>
        </test-method> <!-- afterMethod -->
        <test-method is-config="true" signature="beforeMethods()[pri:0, instance:co.formfox.mcp.order.OrderTest@53ce1329]" started-at="2018-09-07T15:35:24Z" name="beforeMethods" finished-at="2018-09-07T15:35:24Z" duration-ms="0" status="PASS">
          <reporter-output>
          </reporter-output>
        </test-method> <!-- beforeMethods -->
        <test-method signature="SiteSearch()[pri:2, instance:co.formfox.mcp.order.OrderTest@53ce1329]" started-at="2018-09-07T15:35:24Z" name="SiteSearch" finished-at="2018-09-07T15:35:24Z" duration-ms="2" status="PASS">
          <reporter-output>
          </reporter-output>
        </test-method> <!-- SiteSearch -->
        <test-method is-config="true" signature="afterMethod()[pri:0, instance:co.formfox.mcp.order.OrderTest@53ce1329]" started-at="2018-09-07T15:35:24Z" name="afterMethod" finished-at="2018-09-07T15:35:24Z" duration-ms="1" status="PASS">
          <reporter-output>
          </reporter-output>
        </test-method> <!-- afterMethod -->
        <test-method is-config="true" signature="afterClass()[pri:0, instance:co.formfox.mcp.order.OrderTest@53ce1329]" started-at="2018-09-07T15:35:24Z" name="afterClass" finished-at="2018-09-07T15:35:24Z" duration-ms="44" status="PASS">
          <reporter-output>
          </reporter-output>
        </test-method> <!-- afterClass -->
        <test-method is-config="true" signature="afterAllTest()[pri:0, instance:co.formfox.mcp.order.OrderTest@53ce1329]" started-at="2018-09-07T15:35:24Z" name="afterAllTest" finished-at="2018-09-07T15:35:25Z" duration-ms="833" status="PASS">
          <reporter-output>
          </reporter-output>
        </test-method> <!-- afterAllTest -->
      </class> <!-- co.formfox.mcp.order.OrderTest -->
    </test> <!-- Test Order -->
  </suite> <!-- TestNG -->
</testng-results>
