<?xml version="1.0" encoding="UTF-8"?>
<!-- Generated by org.testng.reporters.JUnitXMLReporter -->
<testsuite ignored="0" hostname="LT-59" failures="1" tests="3" name="Order" time="40.005" errors="0" timestamp="11 Sep 2018 12:35:12 GMT">
  <testcase classname="co.formfox.mcp.order.Order" name="orderPage1" time="10.794">
    <failure type="org.openqa.selenium.WebDriverException" message="unknown error: Element &amp;lt;input _ngcontent-irs-44=&amp;quot;&amp;quot; autocomplete=&amp;quot;off&amp;quot; class=&amp;quot;form-control formfox-control disable-field lab-input filter-padding ng-untouched ng-pristine ng-valid&amp;quot; display-property-name=&amp;quot;Description&amp;quot; formcontrolname=&amp;quot;lab_account&amp;quot; ngui-auto-complete=&amp;quot;&amp;quot; placeholder=&amp;quot;Enter the Lab Account name&amp;quot; value-property-name=&amp;quot;Description&amp;quot;&amp;gt; is not clickable at point (239, 605). Other element would receive the click: &amp;lt;div id=&amp;quot;preloader&amp;quot; style=&amp;quot;display: block;&amp;quot;&amp;gt;...&amp;lt;/div&amp;gt;
  (Session info: chrome=68.0.3440.106)
  (Driver info: chromedriver=2.41.578737 (49da6702b16031c40d63e5618de03a32ff6c197e),platform=Windows NT 6.3.9600 x86_64) (WARNING: The server did not provide any stacktrace information)
Command duration or timeout: 0 milliseconds
Build info: version: &amp;apos;3.9.1&amp;apos;, revision: &amp;apos;63f7b50&amp;apos;, time: &amp;apos;2018-02-07T22:42:28.403Z&amp;apos;
System info: host: &amp;apos;LT-59&amp;apos;, ip: &amp;apos;192.168.255.217&amp;apos;, os.name: &amp;apos;Windows 8.1&amp;apos;, os.arch: &amp;apos;amd64&amp;apos;, os.version: &amp;apos;6.3&amp;apos;, java.version: &amp;apos;10.0.1&amp;apos;
Driver info: org.openqa.selenium.chrome.ChromeDriver
Capabilities {acceptInsecureCerts: false, acceptSslCerts: false, applicationCacheEnabled: false, browserConnectionEnabled: false, browserName: chrome, chrome: {chromedriverVersion: 2.41.578737 (49da6702b16031..., userDataDir: C:\Users\Tudip\AppData\Loca...}, cssSelectorsEnabled: true, databaseEnabled: false, goog:chromeOptions: {debuggerAddress: localhost:35178}, handlesAlerts: true, hasTouchScreen: false, javascriptEnabled: true, locationContextEnabled: true, mobileEmulationEnabled: false, nativeEvents: true, networkConnectionEnabled: false, pageLoadStrategy: normal, platform: XP, platformName: XP, rotatable: false, setWindowRect: true, takesHeapSnapshot: true, takesScreenshot: true, unexpectedAlertBehaviour: , unhandledPromptBehavior: , version: 68.0.3440.106, webStorageEnabled: true}
Session ID: f50b347687326335a0f7a9e1b422c576">
      <![CDATA[org.openqa.selenium.WebDriverException: unknown error: Element <input _ngcontent-irs-44="" autocomplete="off" class="form-control formfox-control disable-field lab-input filter-padding ng-untouched ng-pristine ng-valid" display-property-name="Description" formcontrolname="lab_account" ngui-auto-complete="" placeholder="Enter the Lab Account name" value-property-name="Description"> is not clickable at point (239, 605). Other element would receive the click: <div id="preloader" style="display: block;">...</div>
  (Session info: chrome=68.0.3440.106)
  (Driver info: chromedriver=2.41.578737 (49da6702b16031c40d63e5618de03a32ff6c197e),platform=Windows NT 6.3.9600 x86_64) (WARNING: The server did not provide any stacktrace information)
Command duration or timeout: 0 milliseconds
Build info: version: '3.9.1', revision: '63f7b50', time: '2018-02-07T22:42:28.403Z'
System info: host: 'LT-59', ip: '192.168.255.217', os.name: 'Windows 8.1', os.arch: 'amd64', os.version: '6.3', java.version: '10.0.1'
Driver info: org.openqa.selenium.chrome.ChromeDriver
Capabilities {acceptInsecureCerts: false, acceptSslCerts: false, applicationCacheEnabled: false, browserConnectionEnabled: false, browserName: chrome, chrome: {chromedriverVersion: 2.41.578737 (49da6702b16031..., userDataDir: C:\Users\Tudip\AppData\Loca...}, cssSelectorsEnabled: true, databaseEnabled: false, goog:chromeOptions: {debuggerAddress: localhost:35178}, handlesAlerts: true, hasTouchScreen: false, javascriptEnabled: true, locationContextEnabled: true, mobileEmulationEnabled: false, nativeEvents: true, networkConnectionEnabled: false, pageLoadStrategy: normal, platform: XP, platformName: XP, rotatable: false, setWindowRect: true, takesHeapSnapshot: true, takesScreenshot: true, unexpectedAlertBehaviour: , unhandledPromptBehavior: , version: 68.0.3440.106, webStorageEnabled: true}
Session ID: f50b347687326335a0f7a9e1b422c576
at org.openqa.selenium.remote.ErrorHandler.createThrowable(ErrorHandler.java:214)
at org.openqa.selenium.remote.ErrorHandler.throwIfResponseFailed(ErrorHandler.java:166)
at org.openqa.selenium.remote.http.JsonHttpResponseCodec.reconstructValue(JsonHttpResponseCodec.java:40)
at org.openqa.selenium.remote.http.AbstractHttpResponseCodec.decode(AbstractHttpResponseCodec.java:80)
at org.openqa.selenium.remote.http.AbstractHttpResponseCodec.decode(AbstractHttpResponseCodec.java:44)
at org.openqa.selenium.remote.HttpCommandExecutor.execute(HttpCommandExecutor.java:160)
at org.openqa.selenium.remote.service.DriverCommandExecutor.execute(DriverCommandExecutor.java:83)
at org.openqa.selenium.remote.RemoteWebDriver.execute(RemoteWebDriver.java:601)
at org.openqa.selenium.remote.RemoteWebElement.execute(RemoteWebElement.java:279)
at org.openqa.selenium.remote.RemoteWebElement.click(RemoteWebElement.java:83)
at co.formfox.mcp.events.events.clickOnElementByXpath(events.java:19)
at co.formfox.mcp.events.addServices.addDrugTest(addServices.java:21)
at co.formfox.mcp.order.Order.orderPage1(Order.java:63)
... Removed 29 stack frames]]>
    </failure>
  </testcase> <!-- orderPage1 -->
  <testcase classname="co.formfox.mcp.order.Order" name="orderPage2" time="0.0">
    <skipped/>
  </testcase> <!-- orderPage2 -->
  <testcase classname="co.formfox.mcp.order.Order" name="orderPage3" time="0.0">
    <skipped/>
  </testcase> <!-- orderPage3 -->
</testsuite> <!-- Order -->
