<?xml version="1.0" encoding="UTF-8"?>
<!-- Generated by org.testng.reporters.JUnitXMLReporter -->
<testsuite ignored="0" hostname="LT-59" failures="1" tests="2" name="Test Order" time="27.129" errors="0" timestamp="07 Sep 2018 15:35:25 GMT">
  <testcase classname="co.formfox.mcp.order.OrderTest" name="loginLogoutTest" time="5.411">
    <failure type="java.lang.AssertionError" message="expected [ORDER] but found [[[ChromeDriver: chrome on XP (f397451bf7e5adec21e396f4336e4608)] -&amp;gt; xpath: //*[@id=&amp;apos;headerNavBar&amp;apos;]/ul[1]/li[2]/a]]">
      <![CDATA[java.lang.AssertionError: expected [ORDER] but found [[[ChromeDriver: chrome on XP (f397451bf7e5adec21e396f4336e4608)] -> xpath: //*[@id='headerNavBar']/ul[1]/li[2]/a]]
at co.formfox.mcp.order.OrderTest.loginLogoutTest(OrderTest.java:54)
... Removed 30 stack frames]]>
    </failure>
  </testcase> <!-- loginLogoutTest -->
  <testcase classname="co.formfox.mcp.order.OrderTest" name="SiteSearch" time="0.002"/>
</testsuite> <!-- Test Order -->
